This file contains any messages produced by compilers while
running configure, to aid debugging if configure makes a mistake.

It was created by pfile_utils configure v0_51, which was
generated by GNU Autoconf 2.59.  Invocation command line was

  $ ./configure --prefix=/Users/marvin/lib/pfile-utilities

## --------- ##
## Platform. ##
## --------- ##

hostname = mbp
uname -m = x86_64
uname -r = 15.2.0
uname -s = Darwin
uname -v = Darwin Kernel Version 15.2.0: Fri Nov 13 19:56:56 PST 2015; root:xnu-3248.20.55~2/RELEASE_X86_64

/usr/bin/uname -p = i386
/bin/uname -X     = unknown

/bin/arch              = unknown
/usr/bin/arch -k       = unknown
/usr/convex/getsysinfo = unknown
hostinfo               = Mach kernel version:
	 Darwin Kernel Version 15.2.0: Fri Nov 13 19:56:56 PST 2015; root:xnu-3248.20.55~2/RELEASE_X86_64
Kernel configured for up to 4 processors.
2 processors are physically available.
4 processors are logically available.
Processor type: x86_64h (Intel x86-64h Haswell)
Processors active: 0 1 2 3
Primary memory available: 8.00 gigabytes
Default processor set: 250 tasks, 1254 threads, 4 processors
Load average: 1.46, Mach factor: 2.52
/bin/machine           = unknown
/usr/bin/oslevel       = unknown
/bin/universe          = unknown

PATH: /usr/local/sbin
PATH: /Users/marvin/bin
PATH: /usr/local/bin
PATH: /usr/bin
PATH: /bin
PATH: /usr/sbin
PATH: /sbin
PATH: /opt/X11/bin
PATH: /usr/local/MacGPG2/bin
PATH: /Library/TeX/texbin
PATH: /Users/marvin/lib/android-sdk/sdk/platform-tools
PATH: /Users/marvin/lib/Qt5.4.0/5.5/clang_64/bin


## ----------- ##
## Core tests. ##
## ----------- ##

configure:1359: checking for a BSD-compatible install
configure:1414: result: /usr/bin/install -c
configure:1466: checking for ranlib
configure:1482: found /usr/bin/ranlib
configure:1493: result: ranlib
configure:1573: checking for gcc
configure:1589: found /usr/bin/gcc
configure:1599: result: gcc
configure:1843: checking for C compiler version
configure:1846: gcc --version </dev/null >&5
Configured with: --prefix=/Applications/Xcode.app/Contents/Developer/usr --with-gxx-include-dir=/Applications/Xcode.app/Contents/Developer/Platforms/MacOSX.platform/Developer/SDKs/MacOSX10.11.sdk/usr/include/c++/4.2.1
Apple LLVM version 7.0.2 (clang-700.1.81)
Target: x86_64-apple-darwin15.2.0
Thread model: posix
configure:1849: $? = 0
configure:1851: gcc -v </dev/null >&5
Configured with: --prefix=/Applications/Xcode.app/Contents/Developer/usr --with-gxx-include-dir=/Applications/Xcode.app/Contents/Developer/Platforms/MacOSX.platform/Developer/SDKs/MacOSX10.11.sdk/usr/include/c++/4.2.1
Apple LLVM version 7.0.2 (clang-700.1.81)
Target: x86_64-apple-darwin15.2.0
Thread model: posix
configure:1854: $? = 0
configure:1856: gcc -V </dev/null >&5
clang: error: argument to '-V' is missing (expected 1 value)
clang: error: no input files
configure:1859: $? = 1
configure:1882: checking for C compiler default output file name
configure:1885: gcc    conftest.c  >&5
configure:1888: $? = 0
configure:1934: result: a.out
configure:1939: checking whether the C compiler works
configure:1945: ./a.out
configure:1948: $? = 0
configure:1965: result: yes
configure:1972: checking whether we are cross compiling
configure:1974: result: no
configure:1977: checking for suffix of executables
configure:1979: gcc -o conftest    conftest.c  >&5
configure:1982: $? = 0
configure:2007: result: 
configure:2013: checking for suffix of object files
configure:2034: gcc -c   conftest.c >&5
configure:2037: $? = 0
configure:2059: result: o
configure:2063: checking whether we are using the GNU C compiler
configure:2087: gcc -c   conftest.c >&5
configure:2093: $? = 0
configure:2097: test -z 
			 || test ! -s conftest.err
configure:2100: $? = 0
configure:2103: test -s conftest.o
configure:2106: $? = 0
configure:2119: result: yes
configure:2125: checking whether gcc accepts -g
configure:2146: gcc -c -g  conftest.c >&5
configure:2152: $? = 0
configure:2156: test -z 
			 || test ! -s conftest.err
configure:2159: $? = 0
configure:2162: test -s conftest.o
configure:2165: $? = 0
configure:2176: result: yes
configure:2193: checking for gcc option to accept ANSI C
configure:2263: gcc  -c   conftest.c >&5
configure:2269: $? = 0
configure:2273: test -z 
			 || test ! -s conftest.err
configure:2276: $? = 0
configure:2279: test -s conftest.o
configure:2282: $? = 0
configure:2300: result: none needed
configure:2318: gcc -c   conftest.c >&5
conftest.c:2:3: error: unknown type name 'choke'
  choke me
  ^
conftest.c:2:11: error: expected ';' after top level declarator
  choke me
          ^
          ;
2 errors generated.
configure:2324: $? = 1
configure: failed program was:
| #ifndef __cplusplus
|   choke me
| #endif
configure:2510: checking for g++
configure:2526: found /usr/bin/g++
configure:2536: result: g++
configure:2552: checking for C++ compiler version
configure:2555: g++ --version </dev/null >&5
Configured with: --prefix=/Applications/Xcode.app/Contents/Developer/usr --with-gxx-include-dir=/Applications/Xcode.app/Contents/Developer/Platforms/MacOSX.platform/Developer/SDKs/MacOSX10.11.sdk/usr/include/c++/4.2.1
Apple LLVM version 7.0.2 (clang-700.1.81)
Target: x86_64-apple-darwin15.2.0
Thread model: posix
configure:2558: $? = 0
configure:2560: g++ -v </dev/null >&5
Configured with: --prefix=/Applications/Xcode.app/Contents/Developer/usr --with-gxx-include-dir=/Applications/Xcode.app/Contents/Developer/Platforms/MacOSX.platform/Developer/SDKs/MacOSX10.11.sdk/usr/include/c++/4.2.1
Apple LLVM version 7.0.2 (clang-700.1.81)
Target: x86_64-apple-darwin15.2.0
Thread model: posix
configure:2563: $? = 0
configure:2565: g++ -V </dev/null >&5
clang: error: argument to '-V' is missing (expected 1 value)
clang: error: no input files
configure:2568: $? = 1
configure:2571: checking whether we are using the GNU C++ compiler
configure:2595: g++ -c   conftest.cc >&5
configure:2601: $? = 0
configure:2605: test -z 
			 || test ! -s conftest.err
configure:2608: $? = 0
configure:2611: test -s conftest.o
configure:2614: $? = 0
configure:2627: result: yes
configure:2633: checking whether g++ accepts -g
configure:2654: g++ -c -g  conftest.cc >&5
configure:2660: $? = 0
configure:2664: test -z 
			 || test ! -s conftest.err
configure:2667: $? = 0
configure:2670: test -s conftest.o
configure:2673: $? = 0
configure:2684: result: yes
configure:2726: g++ -c   conftest.cc >&5
configure:2732: $? = 0
configure:2736: test -z 
			 || test ! -s conftest.err
configure:2739: $? = 0
configure:2742: test -s conftest.o
configure:2745: $? = 0
configure:2771: g++ -c   conftest.cc >&5
conftest.cc:13:1: error: use of undeclared identifier 'exit'
exit (42);
^
1 error generated.
configure:2777: $? = 1
configure: failed program was:
| /* confdefs.h.  */
| 
| #define PACKAGE_NAME "pfile_utils"
| #define PACKAGE_TARNAME "pfile_utils"
| #define PACKAGE_VERSION "v0_51"
| #define PACKAGE_STRING "pfile_utils v0_51"
| #define PACKAGE_BUGREPORT "quicknet-bugs@icsi.berkeley.edu"
| /* end confdefs.h.  */
| 
| int
| main ()
| {
| exit (42);
|   ;
|   return 0;
| }
configure:2726: g++ -c   conftest.cc >&5
conftest.cc:9:17: error: use of undeclared identifier 'std'
extern "C" void std::exit (int) throw (); using std::exit;
                ^
conftest.cc:9:49: error: use of undeclared identifier 'std'
extern "C" void std::exit (int) throw (); using std::exit;
                                                ^
2 errors generated.
configure:2732: $? = 1
configure: failed program was:
| /* confdefs.h.  */
| 
| #define PACKAGE_NAME "pfile_utils"
| #define PACKAGE_TARNAME "pfile_utils"
| #define PACKAGE_VERSION "v0_51"
| #define PACKAGE_STRING "pfile_utils v0_51"
| #define PACKAGE_BUGREPORT "quicknet-bugs@icsi.berkeley.edu"
| /* end confdefs.h.  */
| extern "C" void std::exit (int) throw (); using std::exit;
| #include <stdlib.h>
| int
| main ()
| {
| exit (42);
|   ;
|   return 0;
| }
configure:2726: g++ -c   conftest.cc >&5
conftest.cc:9:17: error: use of undeclared identifier 'std'
extern "C" void std::exit (int); using std::exit;
                ^
conftest.cc:9:40: error: use of undeclared identifier 'std'
extern "C" void std::exit (int); using std::exit;
                                       ^
2 errors generated.
configure:2732: $? = 1
configure: failed program was:
| /* confdefs.h.  */
| 
| #define PACKAGE_NAME "pfile_utils"
| #define PACKAGE_TARNAME "pfile_utils"
| #define PACKAGE_VERSION "v0_51"
| #define PACKAGE_STRING "pfile_utils v0_51"
| #define PACKAGE_BUGREPORT "quicknet-bugs@icsi.berkeley.edu"
| /* end confdefs.h.  */
| extern "C" void std::exit (int); using std::exit;
| #include <stdlib.h>
| int
| main ()
| {
| exit (42);
|   ;
|   return 0;
| }
configure:2726: g++ -c   conftest.cc >&5
configure:2732: $? = 0
configure:2736: test -z 
			 || test ! -s conftest.err
configure:2739: $? = 0
configure:2742: test -s conftest.o
configure:2745: $? = 0
configure:2771: g++ -c   conftest.cc >&5
configure:2777: $? = 0
configure:2781: test -z 
			 || test ! -s conftest.err
configure:2784: $? = 0
configure:2787: test -s conftest.o
configure:2790: $? = 0
configure:2818: checking default C compiler
configure:2826: result: gcc
configure:2828: checking default compiler flags
configure:2839: result: -O
configure:2845: checking default C++ compiler
configure:2853: result: g++
configure:2855: checking default C++ compiler flags
configure:2866: result: -O
configure:2874: checking for sin
configure:2931: gcc -o conftest -O   conftest.c  >&5
conftest.c:36:6: warning: incompatible redeclaration of library function 'sin' [-Wincompatible-library-redeclaration]
char sin ();
     ^
conftest.c:36:6: note: 'sin' is a builtin with type 'double (double)'
1 warning generated.
configure:2937: $? = 0
configure:2941: test -z 
			 || test ! -s conftest.err
configure:2944: $? = 0
configure:2947: test -s conftest
configure:2950: $? = 0
configure:2962: result: yes
configure:2970: checking for main in -lieee
configure:2994: gcc -o conftest -O   conftest.c -lieee   >&5
ld: library not found for -lieee
clang: error: linker command failed with exit code 1 (use -v to see invocation)
configure:3000: $? = 1
configure: failed program was:
| /* confdefs.h.  */
| 
| #define PACKAGE_NAME "pfile_utils"
| #define PACKAGE_TARNAME "pfile_utils"
| #define PACKAGE_VERSION "v0_51"
| #define PACKAGE_STRING "pfile_utils v0_51"
| #define PACKAGE_BUGREPORT "quicknet-bugs@icsi.berkeley.edu"
| #ifdef __cplusplus
| extern "C" void exit (int) throw ();
| #endif
| /* end confdefs.h.  */
| 
| 
| int
| main ()
| {
| main ();
|   ;
|   return 0;
| }
configure:3026: result: no
configure:3040: checking if C++ compiler supports "bool"
configure:3051: g++ -o conftest conftest.cc >/dev/null 2>conftest.out
configure:3054: $? = 0
configure:3062: result: yes
configure:3078: checking for special C compiler options needed for large files
configure:3177: result: no
configure:3183: checking for _FILE_OFFSET_BITS value needed for large files
configure:3214: gcc -c -O  conftest.c >&5
configure:3220: $? = 0
configure:3224: test -z 
			 || test ! -s conftest.err
configure:3227: $? = 0
configure:3230: test -s conftest.o
configure:3233: $? = 0
configure:3298: result: no
configure:3308: checking for _LARGE_FILES value needed for large files
configure:3339: gcc -c -O  conftest.c >&5
configure:3345: $? = 0
configure:3349: test -z 
			 || test ! -s conftest.err
configure:3352: $? = 0
configure:3355: test -s conftest.o
configure:3358: $? = 0
configure:3423: result: no
configure:3435: checking for _LARGEFILE_SOURCE value needed for large files
configure:3458: gcc -c -O  conftest.c >&5
conftest.c:17:9: warning: address of function 'fseeko' will always evaluate to 'true' [-Wpointer-bool-conversion]
return !fseeko;
       ~^~~~~~
conftest.c:17:9: note: prefix with the address-of operator to silence this warning
return !fseeko;
        ^
        &
1 warning generated.
configure:3464: $? = 0
configure:3468: test -z 
			 || test ! -s conftest.err
configure:3471: $? = 0
configure:3474: test -s conftest.o
configure:3477: $? = 0
configure:3534: result: no
configure:3548: checking for fseeko
configure:3569: gcc -o conftest -O   conftest.c  >&5
conftest.c:17:8: warning: address of function 'fseeko' will always evaluate to 'true' [-Wpointer-bool-conversion]
return fseeko && fseeko (stdin, 0, 0);
       ^~~~~~ ~~
conftest.c:17:8: note: prefix with the address-of operator to silence this warning
return fseeko && fseeko (stdin, 0, 0);
       ^
       &
1 warning generated.
configure:3575: $? = 0
configure:3579: test -z 
			 || test ! -s conftest.err
configure:3582: $? = 0
configure:3585: test -s conftest
configure:3588: $? = 0
configure:3600: result: yes
configure:3642: checking for pkg-config
configure:3660: found /usr/local/bin/pkg-config
configure:3673: result: /usr/local/bin/pkg-config
configure:3690: checking for quicknet3
configure:3694: result: yes
configure:3698: checking QN_CFLAGS
configure:3701: result: -g -O2 -I/usr/local/Cellar/quicknet/3.33/include/quicknet3
configure:3704: checking QN_LIBS
configure:3707: result: -L/usr/local/Cellar/quicknet/3.33/lib -lquicknet3 -lpthread -lm
configure:3756: checking if fpsetmask available
configure:3777: gcc -o conftest -O   conftest.c  >&5
conftest.c:14:10: fatal error: 'ieeefp.h' file not found
#include <ieeefp.h>
         ^
1 error generated.
configure:3783: $? = 1
configure: failed program was:
| /* confdefs.h.  */
| 
| #define PACKAGE_NAME "pfile_utils"
| #define PACKAGE_TARNAME "pfile_utils"
| #define PACKAGE_VERSION "v0_51"
| #define PACKAGE_STRING "pfile_utils v0_51"
| #define PACKAGE_BUGREPORT "quicknet-bugs@icsi.berkeley.edu"
| #ifdef __cplusplus
| extern "C" void exit (int) throw ();
| #endif
| #define HAVE_BOOL 1
| #define HAVE_FSEEKO 1
| /* end confdefs.h.  */
| #include <ieeefp.h>
| 
| int
| main ()
| {
| 		fp_except mask; 		fpsetmask(mask);
|   ;
|   return 0;
| }
configure:3813: result: no
configure:3819: checking if ieee_flags available
configure:3840: gcc -o conftest -O   conftest.c  >&5
conftest.c:14:10: fatal error: 'sys/ieeefp.h' file not found
#include <sys/ieeefp.h>
         ^
1 error generated.
configure:3846: $? = 1
configure: failed program was:
| /* confdefs.h.  */
| 
| #define PACKAGE_NAME "pfile_utils"
| #define PACKAGE_TARNAME "pfile_utils"
| #define PACKAGE_VERSION "v0_51"
| #define PACKAGE_STRING "pfile_utils v0_51"
| #define PACKAGE_BUGREPORT "quicknet-bugs@icsi.berkeley.edu"
| #ifdef __cplusplus
| extern "C" void exit (int) throw ();
| #endif
| #define HAVE_BOOL 1
| #define HAVE_FSEEKO 1
| /* end confdefs.h.  */
| #include <sys/ieeefp.h>
| 
| int
| main ()
| {
| 		char *action; char *mode; char *in; char **out; 		ieee_flags(action, mode, in, out);
|   ;
|   return 0;
| }
configure:3876: result: no
configure:3882: checking if sigset available (for C++)
configure:3911: g++ -o conftest -O   conftest.cc  >&5
configure:3917: $? = 0
configure:3921: test -z 
			 || test ! -s conftest.err
configure:3924: $? = 0
configure:3927: test -s conftest
configure:3930: $? = 0
configure:3933: result: yes
configure:3954: checking drspeech build path
configure:3961: result: 
configure:4098: creating ./config.status

## ---------------------- ##
## Running config.status. ##
## ---------------------- ##

This file was extended by pfile_utils config.status v0_51, which was
generated by GNU Autoconf 2.59.  Invocation command line was

  CONFIG_FILES    = 
  CONFIG_HEADERS  = 
  CONFIG_LINKS    = 
  CONFIG_COMMANDS = 
  $ ./config.status 

on mbp

config.status:650: creating Makefile

## ---------------- ##
## Cache variables. ##
## ---------------- ##

ac_cv_c_compiler_gnu=yes
ac_cv_cxx_compiler_gnu=yes
ac_cv_env_CC_set=
ac_cv_env_CC_value=
ac_cv_env_CFLAGS_set=
ac_cv_env_CFLAGS_value=
ac_cv_env_CPPFLAGS_set=
ac_cv_env_CPPFLAGS_value=
ac_cv_env_CXXFLAGS_set=
ac_cv_env_CXXFLAGS_value=
ac_cv_env_CXX_set=
ac_cv_env_CXX_value=
ac_cv_env_LDFLAGS_set=
ac_cv_env_LDFLAGS_value=
ac_cv_env_build_alias_set=
ac_cv_env_build_alias_value=
ac_cv_env_host_alias_set=
ac_cv_env_host_alias_value=
ac_cv_env_target_alias_set=
ac_cv_env_target_alias_value=
ac_cv_exeext=
ac_cv_func_fseeko=yes
ac_cv_func_sin=yes
ac_cv_lib_ieee_main=no
ac_cv_objext=o
ac_cv_path_PKG_CONFIG=/usr/local/bin/pkg-config
ac_cv_path_install='/usr/bin/install -c'
ac_cv_prog_ac_ct_CC=gcc
ac_cv_prog_ac_ct_CXX=g++
ac_cv_prog_ac_ct_RANLIB=ranlib
ac_cv_prog_cc_g=yes
ac_cv_prog_cc_stdc=
ac_cv_prog_cxx_g=yes
ac_cv_sys_file_offset_bits=no
ac_cv_sys_large_files=no
ac_cv_sys_largefile_CC=no
ac_cv_sys_largefile_source=no
acdpwe_cv_env_path='/Users/marvin/lib/pfile-utilities '

## ----------------- ##
## Output variables. ##
## ----------------- ##

CC='gcc'
CFLAGS='-O'
CPPFLAGS=''
CXX='g++'
CXXFLAGS='-O'
DEFS='-DPACKAGE_NAME=\"pfile_utils\" -DPACKAGE_TARNAME=\"pfile_utils\" -DPACKAGE_VERSION=\"v0_51\" -DPACKAGE_STRING=\"pfile_utils\ v0_51\" -DPACKAGE_BUGREPORT=\"quicknet-bugs@icsi.berkeley.edu\" -DHAVE_BOOL=1 -DHAVE_FSEEKO=1 -DHAVE_SIGSET=1 '
ECHO_C='ECHO_N=''
ECHO_T=''
EXEEXT=''
INSTALL_DATA='${INSTALL} -m 644'
INSTALL_PROGRAM='${INSTALL}'
INSTALL_SCRIPT='${INSTALL}'
LDFLAGS=''
LIBOBJS=''
LIBS=''
LTLIBOBJS=''
MATH_LIBS=''
OBJEXT='o'
PACKAGE_BUGREPORT='quicknet-bugs@icsi.berkeley.edu'
PACKAGE_NAME='pfile_utils'
PACKAGE_STRING='pfile_utils v0_51'
PACKAGE_TARNAME='pfile_utils'
PACKAGE_VERSION='v0_51'
PATH_SEPARATOR=':'
PKG_CONFIG='/usr/local/bin/pkg-config'
QN_CFLAGS='-g -O2 -I/usr/local/Cellar/quicknet/3.33/include/quicknet3'
QN_INC_SPEC='-g -O2 -I/usr/local/Cellar/quicknet/3.33/include/quicknet3'
QN_LIBS='-L/usr/local/Cellar/quicknet/3.33/lib -lquicknet3 -lpthread -lm'
QN_LIB_SPEC='-L/usr/local/Cellar/quicknet/3.33/lib -lquicknet3 -lpthread -lm'
RANLIB='ranlib'
SHELL='/bin/sh'
ac_ct_CC='gcc'
ac_ct_CXX='g++'
ac_ct_RANLIB='ranlib'
bindir='${exec_prefix}/bin'
build_alias=''
datadir='${prefix}/share'
exec_prefix='/Users/marvin/lib/pfile-utilities'
host_alias=''
includedir='${prefix}/include'
infodir='${prefix}/info'
libdir='${exec_prefix}/lib'
libexecdir='${exec_prefix}/libexec'
localstatedir='${prefix}/var'
mandir='${prefix}/man'
oldincludedir='/usr/include'
prefix='/Users/marvin/lib/pfile-utilities'
program_transform_name='s,x,x,'
sbindir='${exec_prefix}/sbin'
sharedstatedir='${prefix}/com'
sysconfdir='${prefix}/etc'
target_alias=''

## ----------- ##
## confdefs.h. ##
## ----------- ##

#define HAVE_BOOL 1
#define HAVE_FSEEKO 1
#define HAVE_SIGSET 1
#define PACKAGE_BUGREPORT "quicknet-bugs@icsi.berkeley.edu"
#define PACKAGE_NAME "pfile_utils"
#define PACKAGE_STRING "pfile_utils v0_51"
#define PACKAGE_TARNAME "pfile_utils"
#define PACKAGE_VERSION "v0_51"
#endif
#ifdef __cplusplus
extern "C" void exit (int) throw ();

configure: exit 0

## ---------------------- ##
## Running config.status. ##
## ---------------------- ##

This file was extended by pfile_utils config.status v0_51, which was
generated by GNU Autoconf 2.59.  Invocation command line was

  CONFIG_FILES    = 
  CONFIG_HEADERS  = 
  CONFIG_LINKS    = 
  CONFIG_COMMANDS = 
  $ config.status 

on mbp

config.status:650: creating Makefile
